build/app/intermediates/manifest_merge_blame_file/devDebug/manifest-merger-blame-dev-debug-report.txt
1<?xml version="1.0" encoding="utf-8"?>
2<manifest xmlns:android="http://schemas.android.com/apk/res/android"
3    package="com.fluttertemplate.dev"
4    android:versionCode="1"
5    android:versionName="1.0.0" >
6
7    <uses-sdk
8        android:minSdkVersion="19"
9        android:targetSdkVersion="33" />
10    <!--
11         The INTERNET permission is required for development. Specifically,
12         the Flutter tool needs it to communicate with the running application
13         to allow setting breakpoints, to provide hot reload, etc.
14    -->
15    <uses-permission android:name="android.permission.INTERNET" />
15-->src/debug/AndroidManifest.xml:7:5-66
15-->src/debug/AndroidManifest.xml:7:22-64
16    <!-- Notification -->
17    <uses-permission android:name="android.permission.RECEIVE_BOOT_COMPLETED" />
17-->src/main/AndroidManifest.xml:3:3-78
17-->src/main/AndroidManifest.xml:3:20-76
18    <uses-permission android:name="android.permission.VIBRATE" />
18-->src/main/AndroidManifest.xml:4:3-64
18-->src/main/AndroidManifest.xml:4:20-61
19    <uses-permission android:name="android.permission.USE_FULL_SCREEN_INTENT" />
19-->src/main/AndroidManifest.xml:5:3-79
19-->src/main/AndroidManifest.xml:5:20-76
20    <uses-permission android:name="android.permission.USE_EXACT_ALARM" />
20-->src/main/AndroidManifest.xml:6:3-72
20-->src/main/AndroidManifest.xml:6:20-69
21    <uses-permission android:name="android.permission.POST_NOTIFICATIONS" />
21-->src/main/AndroidManifest.xml:7:3-74
21-->src/main/AndroidManifest.xml:7:20-72
22    <uses-permission android:name="android.permission.WAKE_LOCK" />
22-->[:firebase_messaging] AndroidManifest.xml:10:5-68
22-->[:firebase_messaging] AndroidManifest.xml:10:22-65
23    <uses-permission android:name="android.permission.ACCESS_NETWORK_STATE" />
23-->[:firebase_messaging] AndroidManifest.xml:11:5-79
23-->[:firebase_messaging] AndroidManifest.xml:11:22-76
24    <uses-permission android:name="com.google.android.gms.permission.AD_ID" />
24-->[com.google.android.gms:play-services-ads-lite:22.5.0] AndroidManifest.xml:26:5-79
24-->[com.google.android.gms:play-services-ads-lite:22.5.0] AndroidManifest.xml:26:22-76
25    <uses-permission android:name="android.permission.ACCESS_ADSERVICES_AD_ID" />
25-->[com.google.android.gms:play-services-ads-lite:22.5.0] AndroidManifest.xml:27:5-82
25-->[com.google.android.gms:play-services-ads-lite:22.5.0] AndroidManifest.xml:27:22-79
26    <uses-permission android:name="android.permission.ACCESS_ADSERVICES_ATTRIBUTION" />
26-->[com.google.android.gms:play-services-ads-lite:22.5.0] AndroidManifest.xml:28:5-88
26-->[com.google.android.gms:play-services-ads-lite:22.5.0] AndroidManifest.xml:28:22-85
27    <uses-permission android:name="android.permission.ACCESS_ADSERVICES_TOPICS" /> <!-- Android package visibility setting -->
27-->[com.google.android.gms:play-services-ads-lite:22.5.0] AndroidManifest.xml:29:5-83
27-->[com.google.android.gms:play-services-ads-lite:22.5.0] AndroidManifest.xml:29:22-80
28    <queries>
28-->[com.google.android.gms:play-services-ads-lite:22.5.0] AndroidManifest.xml:35:5-51:15
29
30        <!-- For browser content -->
31        <intent>
31-->[com.google.android.gms:play-services-ads-lite:22.5.0] AndroidManifest.xml:38:9-44:18
32            <action android:name="android.intent.action.VIEW" />
32-->[com.google.android.gms:play-services-ads-lite:22.5.0] AndroidManifest.xml:39:13-65
32-->[com.google.android.gms:play-services-ads-lite:22.5.0] AndroidManifest.xml:39:21-62
33
34            <category android:name="android.intent.category.BROWSABLE" />
34-->[com.google.android.gms:play-services-ads-lite:22.5.0] AndroidManifest.xml:41:13-74
34-->[com.google.android.gms:play-services-ads-lite:22.5.0] AndroidManifest.xml:41:23-71
35
36            <data android:scheme="https" />
36-->[com.google.android.gms:play-services-ads-lite:22.5.0] AndroidManifest.xml:43:13-44
36-->[com.google.android.gms:play-services-ads-lite:22.5.0] AndroidManifest.xml:43:19-41
37        </intent>
38        <!-- End of browser content -->
39        <!-- For CustomTabsService -->
40        <intent>
40-->[com.google.android.gms:play-services-ads-lite:22.5.0] AndroidManifest.xml:47:9-49:18
41            <action android:name="android.support.customtabs.action.CustomTabsService" />
41-->[com.google.android.gms:play-services-ads-lite:22.5.0] AndroidManifest.xml:48:13-90
41-->[com.google.android.gms:play-services-ads-lite:22.5.0] AndroidManifest.xml:48:21-87
42        </intent>
43        <!-- End of CustomTabsService -->
44    </queries> <!-- Required by older versions of Google Play services to create IID tokens -->
45    <uses-permission android:name="com.google.android.c2dm.permission.RECEIVE" />
45-->[com.google.firebase:firebase-iid:21.1.0] AndroidManifest.xml:26:5-82
45-->[com.google.firebase:firebase-iid:21.1.0] AndroidManifest.xml:26:22-79
46    <uses-permission android:name="android.permission.FOREGROUND_SERVICE" />
46-->[androidx.work:work-runtime:2.7.0] AndroidManifest.xml:28:5-77
46-->[androidx.work:work-runtime:2.7.0] AndroidManifest.xml:28:22-74
47
48    <application
49        android:name="android.app.Application"
50        android:appComponentFactory="androidx.core.app.CoreComponentFactory"
50-->[androidx.core:core:1.8.0] AndroidManifest.xml:24:18-86
51        android:debuggable="true"
52        android:icon="@mipmap/ic_launcher"
53        android:label="@string/app_name" >
54        <activity
55            android:name="com.example.flutter_template.MainActivity"
56            android:configChanges="orientation|keyboardHidden|keyboard|screenSize|smallestScreenSize|locale|layoutDirection|fontScale|screenLayout|density|uiMode"
57            android:exported="true"
58            android:hardwareAccelerated="true"
59            android:launchMode="singleTop"
60            android:showWhenLocked="true"
61            android:theme="@style/LaunchTheme"
62            android:turnScreenOn="true"
63            android:windowSoftInputMode="adjustResize" >
64
65            <!--
66           Specifies an Android theme to apply to this Activity as soon as
67                 the Android process has started. This theme is visible to the user
68                 while the Flutter UI initializes. After that, this theme continues
69                 to determine the Window background behind the Flutter UI.
70            -->
71            <meta-data
72                android:name="io.flutter.embedding.android.NormalTheme"
73                android:resource="@style/NormalTheme" />
74
75            <intent-filter>
76                <action android:name="android.intent.action.MAIN" />
77
78                <category android:name="android.intent.category.LAUNCHER" />
79            </intent-filter>
80        </activity>
81        <!--
82         Don't delete the meta-data below.
83             This is used by the Flutter tool to generate GeneratedPluginRegistrant.java
84        -->
85        <meta-data
86            android:name="flutterEmbedding"
87            android:value="2" />
88        <!-- Notification -->
89        <meta-data
90            android:name="com.google.firebase.messaging.default_notification_channel_id"
91            android:value="fcm_channel" />
92
93        <receiver
94            android:name="com.dexterous.flutterlocalnotifications.ScheduledNotificationReceiver"
95            android:exported="false" />
96        <receiver
97            android:name="com.dexterous.flutterlocalnotifications.ScheduledNotificationBootReceiver"
98            android:exported="false" >
99            <intent-filter>
100                <action android:name="android.intent.action.BOOT_COMPLETED" />
100-->[androidx.work:work-runtime:2.7.0] AndroidManifest.xml:117:17-79
100-->[androidx.work:work-runtime:2.7.0] AndroidManifest.xml:117:25-76
101                <action android:name="android.intent.action.MY_PACKAGE_REPLACED" />
102                <action android:name="android.intent.action.QUICKBOOT_POWERON" />
103                <action android:name="com.htc.intent.action.QUICKBOOT_POWERON" />
104            </intent-filter>
105        </receiver>
106        <!-- use notification actions -->
107        <receiver
108            android:name="com.dexterous.flutterlocalnotifications.ActionBroadcastReceiver"
109            android:exported="false" />
110        <!-- Gogle admob -->
111        <meta-data
112            android:name="com.google.android.gms.ads.APPLICATION_ID"
113            android:value="ca-app-pub-1062132590367814~8306238538" />
114
115        <service
115-->[:firebase_messaging] AndroidManifest.xml:16:9-19:72
116            android:name="io.flutter.plugins.firebase.messaging.FlutterFirebaseMessagingBackgroundService"
116-->[:firebase_messaging] AndroidManifest.xml:17:13-107
117            android:exported="false"
117-->[:firebase_messaging] AndroidManifest.xml:18:13-37
118            android:permission="android.permission.BIND_JOB_SERVICE" />
118-->[:firebase_messaging] AndroidManifest.xml:19:13-69
119        <service
119-->[:firebase_messaging] AndroidManifest.xml:20:9-26:19
120            android:name="io.flutter.plugins.firebase.messaging.FlutterFirebaseMessagingService"
120-->[:firebase_messaging] AndroidManifest.xml:21:13-97
121            android:exported="false" >
121-->[:firebase_messaging] AndroidManifest.xml:22:13-37
122            <intent-filter>
122-->[:firebase_messaging] AndroidManifest.xml:23:13-25:29
123                <action android:name="com.google.firebase.MESSAGING_EVENT" />
123-->[:firebase_messaging] AndroidManifest.xml:24:17-78
123-->[:firebase_messaging] AndroidManifest.xml:24:25-75
124            </intent-filter>
125        </service>
126
127        <receiver
127-->[:firebase_messaging] AndroidManifest.xml:28:9-35:20
128            android:name="io.flutter.plugins.firebase.messaging.FlutterFirebaseMessagingReceiver"
128-->[:firebase_messaging] AndroidManifest.xml:29:13-98
129            android:exported="true"
129-->[:firebase_messaging] AndroidManifest.xml:30:13-36
130            android:permission="com.google.android.c2dm.permission.SEND" >
130-->[:firebase_messaging] AndroidManifest.xml:31:13-73
131            <intent-filter>
131-->[:firebase_messaging] AndroidManifest.xml:32:13-34:29
132                <action android:name="com.google.android.c2dm.intent.RECEIVE" />
132-->[:firebase_messaging] AndroidManifest.xml:33:17-81
132-->[:firebase_messaging] AndroidManifest.xml:33:25-78
133            </intent-filter>
134        </receiver>
135
136        <service
136-->[:firebase_messaging] AndroidManifest.xml:37:9-41:19
137            android:name="com.google.firebase.components.ComponentDiscoveryService"
137-->[:firebase_messaging] AndroidManifest.xml:37:18-89
138            android:directBootAware="true"
138-->[com.google.firebase:firebase-common:20.4.2] AndroidManifest.xml:32:13-43
139            android:exported="false" >
139-->[com.google.firebase:firebase-iid:21.1.0] AndroidManifest.xml:31:13-37
140            <meta-data
140-->[:firebase_messaging] AndroidManifest.xml:38:13-40:85
141                android:name="com.google.firebase.components:io.flutter.plugins.firebase.messaging.FlutterFirebaseAppRegistrar"
141-->[:firebase_messaging] AndroidManifest.xml:39:17-128
142                android:value="com.google.firebase.components.ComponentRegistrar" />
142-->[:firebase_messaging] AndroidManifest.xml:40:17-82
143            <meta-data
143-->[:firebase_core] AndroidManifest.xml:11:13-13:85
144                android:name="com.google.firebase.components:io.flutter.plugins.firebase.core.FlutterFirebaseCoreRegistrar"
144-->[:firebase_core] AndroidManifest.xml:12:17-124
145                android:value="com.google.firebase.components.ComponentRegistrar" />
145-->[:firebase_core] AndroidManifest.xml:13:17-82
146            <meta-data
146-->[com.google.firebase:firebase-iid:21.1.0] AndroidManifest.xml:32:13-34:85
147                android:name="com.google.firebase.components:com.google.firebase.iid.Registrar"
147-->[com.google.firebase:firebase-iid:21.1.0] AndroidManifest.xml:33:17-96
148                android:value="com.google.firebase.components.ComponentRegistrar" />
148-->[com.google.firebase:firebase-iid:21.1.0] AndroidManifest.xml:34:17-82
149            <meta-data
149-->[com.google.firebase:firebase-messaging:23.3.1] AndroidManifest.xml:57:13-59:85
150                android:name="com.google.firebase.components:com.google.firebase.messaging.FirebaseMessagingKtxRegistrar"
150-->[com.google.firebase:firebase-messaging:23.3.1] AndroidManifest.xml:58:17-122
151                android:value="com.google.firebase.components.ComponentRegistrar" />
151-->[com.google.firebase:firebase-messaging:23.3.1] AndroidManifest.xml:59:17-82
152            <meta-data
152-->[com.google.firebase:firebase-messaging:23.3.1] AndroidManifest.xml:60:13-62:85
153                android:name="com.google.firebase.components:com.google.firebase.messaging.FirebaseMessagingRegistrar"
153-->[com.google.firebase:firebase-messaging:23.3.1] AndroidManifest.xml:61:17-119
154                android:value="com.google.firebase.components.ComponentRegistrar" />
154-->[com.google.firebase:firebase-messaging:23.3.1] AndroidManifest.xml:62:17-82
155            <meta-data
155-->[com.google.firebase:firebase-installations:17.2.0] AndroidManifest.xml:15:13-17:85
156                android:name="com.google.firebase.components:com.google.firebase.installations.FirebaseInstallationsKtxRegistrar"
156-->[com.google.firebase:firebase-installations:17.2.0] AndroidManifest.xml:16:17-130
157                android:value="com.google.firebase.components.ComponentRegistrar" />
157-->[com.google.firebase:firebase-installations:17.2.0] AndroidManifest.xml:17:17-82
158            <meta-data
158-->[com.google.firebase:firebase-installations:17.2.0] AndroidManifest.xml:18:13-20:85
159                android:name="com.google.firebase.components:com.google.firebase.installations.FirebaseInstallationsRegistrar"
159-->[com.google.firebase:firebase-installations:17.2.0] AndroidManifest.xml:19:17-127
160                android:value="com.google.firebase.components.ComponentRegistrar" />
160-->[com.google.firebase:firebase-installations:17.2.0] AndroidManifest.xml:20:17-82
161            <meta-data
161-->[com.google.firebase:firebase-common-ktx:20.4.2] AndroidManifest.xml:12:13-14:85
162                android:name="com.google.firebase.components:com.google.firebase.ktx.FirebaseCommonLegacyRegistrar"
162-->[com.google.firebase:firebase-common-ktx:20.4.2] AndroidManifest.xml:13:17-116
163                android:value="com.google.firebase.components.ComponentRegistrar" />
163-->[com.google.firebase:firebase-common-ktx:20.4.2] AndroidManifest.xml:14:17-82
164            <meta-data
164-->[com.google.firebase:firebase-common:20.4.2] AndroidManifest.xml:35:13-37:85
165                android:name="com.google.firebase.components:com.google.firebase.FirebaseCommonKtxRegistrar"
165-->[com.google.firebase:firebase-common:20.4.2] AndroidManifest.xml:36:17-109
166                android:value="com.google.firebase.components.ComponentRegistrar" />
166-->[com.google.firebase:firebase-common:20.4.2] AndroidManifest.xml:37:17-82
167            <meta-data
167-->[com.google.firebase:firebase-datatransport:18.1.7] AndroidManifest.xml:27:13-29:85
168                android:name="com.google.firebase.components:com.google.firebase.datatransport.TransportRegistrar"
168-->[com.google.firebase:firebase-datatransport:18.1.7] AndroidManifest.xml:28:17-115
169                android:value="com.google.firebase.components.ComponentRegistrar" />
169-->[com.google.firebase:firebase-datatransport:18.1.7] AndroidManifest.xml:29:17-82
170        </service>
171
172        <provider
172-->[:firebase_messaging] AndroidManifest.xml:43:9-47:38
173            android:name="io.flutter.plugins.firebase.messaging.FlutterFirebaseMessagingInitProvider"
173-->[:firebase_messaging] AndroidManifest.xml:44:13-102
174            android:authorities="com.fluttertemplate.dev.flutterfirebasemessaginginitprovider"
174-->[:firebase_messaging] AndroidManifest.xml:45:13-88
175            android:exported="false"
175-->[:firebase_messaging] AndroidManifest.xml:46:13-37
176            android:initOrder="99" />
176-->[:firebase_messaging] AndroidManifest.xml:47:13-35
177
178        <meta-data
178-->[:google_mobile_ads] AndroidManifest.xml:12:9-14:36
179            android:name="io.flutter.embedded_views_preview"
179-->[:google_mobile_ads] AndroidManifest.xml:13:13-61
180            android:value="true" />
180-->[:google_mobile_ads] AndroidManifest.xml:14:13-33
181
182        <uses-library
182-->[androidx.window:window:1.0.0] AndroidManifest.xml:25:9-27:40
183            android:name="androidx.window.extensions"
183-->[androidx.window:window:1.0.0] AndroidManifest.xml:26:13-54
184            android:required="false" />
184-->[androidx.window:window:1.0.0] AndroidManifest.xml:27:13-37
185        <uses-library
185-->[androidx.window:window:1.0.0] AndroidManifest.xml:28:9-30:40
186            android:name="androidx.window.sidecar"
186-->[androidx.window:window:1.0.0] AndroidManifest.xml:29:13-51
187            android:required="false" />
187-->[androidx.window:window:1.0.0] AndroidManifest.xml:30:13-37
188
189        <activity
189-->[com.google.android.gms:play-services-auth:20.4.0] AndroidManifest.xml:23:9-27:75
190            android:name="com.google.android.gms.auth.api.signin.internal.SignInHubActivity"
190-->[com.google.android.gms:play-services-auth:20.4.0] AndroidManifest.xml:24:13-93
191            android:excludeFromRecents="true"
191-->[com.google.android.gms:play-services-auth:20.4.0] AndroidManifest.xml:25:13-46
192            android:exported="false"
192-->[com.google.android.gms:play-services-auth:20.4.0] AndroidManifest.xml:26:13-37
193            android:theme="@android:style/Theme.Translucent.NoTitleBar" />
193-->[com.google.android.gms:play-services-auth:20.4.0] AndroidManifest.xml:27:13-72
194        <!--
195            Service handling Google Sign-In user revocation. For apps that do not integrate with
196            Google Sign-In, this service will never be started.
197        -->
198        <service
198-->[com.google.android.gms:play-services-auth:20.4.0] AndroidManifest.xml:33:9-37:51
199            android:name="com.google.android.gms.auth.api.signin.RevocationBoundService"
199-->[com.google.android.gms:play-services-auth:20.4.0] AndroidManifest.xml:34:13-89
200            android:exported="true"
200-->[com.google.android.gms:play-services-auth:20.4.0] AndroidManifest.xml:35:13-36
201            android:permission="com.google.android.gms.auth.api.signin.permission.REVOCATION_NOTIFICATION"
201-->[com.google.android.gms:play-services-auth:20.4.0] AndroidManifest.xml:36:13-107
202            android:visibleToInstantApps="true" /> <!-- Include the AdActivity and InAppPurchaseActivity configChanges and themes. -->
202-->[com.google.android.gms:play-services-auth:20.4.0] AndroidManifest.xml:37:13-48
203        <activity
203-->[com.google.android.gms:play-services-ads-lite:22.5.0] AndroidManifest.xml:56:9-61:43
204            android:name="com.google.android.gms.ads.AdActivity"
204-->[com.google.android.gms:play-services-ads-lite:22.5.0] AndroidManifest.xml:57:13-65
205            android:configChanges="keyboard|keyboardHidden|orientation|screenLayout|uiMode|screenSize|smallestScreenSize"
205-->[com.google.android.gms:play-services-ads-lite:22.5.0] AndroidManifest.xml:58:13-122
206            android:exported="false"
206-->[com.google.android.gms:play-services-ads-lite:22.5.0] AndroidManifest.xml:59:13-37
207            android:theme="@android:style/Theme.Translucent" />
207-->[com.google.android.gms:play-services-ads-lite:22.5.0] AndroidManifest.xml:60:13-61
208
209        <provider
209-->[com.google.android.gms:play-services-ads-lite:22.5.0] AndroidManifest.xml:63:9-68:43
210            android:name="com.google.android.gms.ads.MobileAdsInitProvider"
210-->[com.google.android.gms:play-services-ads-lite:22.5.0] AndroidManifest.xml:64:13-76
211            android:authorities="com.fluttertemplate.dev.mobileadsinitprovider"
211-->[com.google.android.gms:play-services-ads-lite:22.5.0] AndroidManifest.xml:65:13-73
212            android:exported="false"
212-->[com.google.android.gms:play-services-ads-lite:22.5.0] AndroidManifest.xml:66:13-37
213            android:initOrder="100" />
213-->[com.google.android.gms:play-services-ads-lite:22.5.0] AndroidManifest.xml:67:13-36
214
215        <service
215-->[com.google.android.gms:play-services-ads-lite:22.5.0] AndroidManifest.xml:70:9-74:43
216            android:name="com.google.android.gms.ads.AdService"
216-->[com.google.android.gms:play-services-ads-lite:22.5.0] AndroidManifest.xml:71:13-64
217            android:enabled="true"
217-->[com.google.android.gms:play-services-ads-lite:22.5.0] AndroidManifest.xml:72:13-35
218            android:exported="false" />
218-->[com.google.android.gms:play-services-ads-lite:22.5.0] AndroidManifest.xml:73:13-37
219
220        <activity
220-->[com.google.android.gms:play-services-ads-lite:22.5.0] AndroidManifest.xml:76:9-80:43
221            android:name="com.google.android.gms.ads.OutOfContextTestingActivity"
221-->[com.google.android.gms:play-services-ads-lite:22.5.0] AndroidManifest.xml:77:13-82
222            android:configChanges="keyboard|keyboardHidden|orientation|screenLayout|uiMode|screenSize|smallestScreenSize"
222-->[com.google.android.gms:play-services-ads-lite:22.5.0] AndroidManifest.xml:78:13-122
223            android:exported="false" />
223-->[com.google.android.gms:play-services-ads-lite:22.5.0] AndroidManifest.xml:79:13-37
224
225        <property
225-->[com.google.android.gms:play-services-ads-lite:22.5.0] AndroidManifest.xml:82:9-84:62
226            android:name="android.adservices.AD_SERVICES_CONFIG"
226-->[com.google.android.gms:play-services-ads-lite:22.5.0] AndroidManifest.xml:83:13-65
227            android:resource="@xml/gma_ad_services_config" />
227-->[com.google.android.gms:play-services-ads-lite:22.5.0] AndroidManifest.xml:84:13-59
228
229        <receiver
229-->[com.google.firebase:firebase-messaging:23.3.1] AndroidManifest.xml:29:9-40:20
230            android:name="com.google.firebase.iid.FirebaseInstanceIdReceiver"
230-->[com.google.firebase:firebase-messaging:23.3.1] AndroidManifest.xml:30:13-78
231            android:exported="true"
231-->[com.google.firebase:firebase-messaging:23.3.1] AndroidManifest.xml:31:13-36
232            android:permission="com.google.android.c2dm.permission.SEND" >
232-->[com.google.firebase:firebase-messaging:23.3.1] AndroidManifest.xml:32:13-73
233            <intent-filter>
233-->[:firebase_messaging] AndroidManifest.xml:32:13-34:29
234                <action android:name="com.google.android.c2dm.intent.RECEIVE" />
234-->[:firebase_messaging] AndroidManifest.xml:33:17-81
234-->[:firebase_messaging] AndroidManifest.xml:33:25-78
235            </intent-filter>
236
237            <meta-data
237-->[com.google.firebase:firebase-messaging:23.3.1] AndroidManifest.xml:37:13-39:40
238                android:name="com.google.android.gms.cloudmessaging.FINISHED_AFTER_HANDLED"
238-->[com.google.firebase:firebase-messaging:23.3.1] AndroidManifest.xml:38:17-92
239                android:value="true" />
239-->[com.google.firebase:firebase-messaging:23.3.1] AndroidManifest.xml:39:17-37
240        </receiver>
241        <!--
242             FirebaseMessagingService performs security checks at runtime,
243             but set to not exported to explicitly avoid allowing another app to call it.
244        -->
245        <service
245-->[com.google.firebase:firebase-messaging:23.3.1] AndroidManifest.xml:46:9-53:19
246            android:name="com.google.firebase.messaging.FirebaseMessagingService"
246-->[com.google.firebase:firebase-messaging:23.3.1] AndroidManifest.xml:47:13-82
247            android:directBootAware="true"
247-->[com.google.firebase:firebase-messaging:23.3.1] AndroidManifest.xml:48:13-43
248            android:exported="false" >
248-->[com.google.firebase:firebase-messaging:23.3.1] AndroidManifest.xml:49:13-37
249            <intent-filter android:priority="-500" >
249-->[:firebase_messaging] AndroidManifest.xml:23:13-25:29
250                <action android:name="com.google.firebase.MESSAGING_EVENT" />
250-->[:firebase_messaging] AndroidManifest.xml:24:17-78
250-->[:firebase_messaging] AndroidManifest.xml:24:25-75
251            </intent-filter>
252        </service>
253
254        <provider
254-->[com.google.firebase:firebase-common:20.4.2] AndroidManifest.xml:23:9-28:39
255            android:name="com.google.firebase.provider.FirebaseInitProvider"
255-->[com.google.firebase:firebase-common:20.4.2] AndroidManifest.xml:24:13-77
256            android:authorities="com.fluttertemplate.dev.firebaseinitprovider"
256-->[com.google.firebase:firebase-common:20.4.2] AndroidManifest.xml:25:13-72
257            android:directBootAware="true"
257-->[com.google.firebase:firebase-common:20.4.2] AndroidManifest.xml:26:13-43
258            android:exported="false"
258-->[com.google.firebase:firebase-common:20.4.2] AndroidManifest.xml:27:13-37
259            android:initOrder="100" />
259-->[com.google.firebase:firebase-common:20.4.2] AndroidManifest.xml:28:13-36
260
261        <activity
261-->[com.google.android.gms:play-services-base:18.0.1] AndroidManifest.xml:20:9-22:45
262            android:name="com.google.android.gms.common.api.GoogleApiActivity"
262-->[com.google.android.gms:play-services-base:18.0.1] AndroidManifest.xml:20:19-85
263            android:exported="false"
263-->[com.google.android.gms:play-services-base:18.0.1] AndroidManifest.xml:22:19-43
264            android:theme="@android:style/Theme.Translucent.NoTitleBar" />
264-->[com.google.android.gms:play-services-base:18.0.1] AndroidManifest.xml:21:19-78
265
266        <uses-library
266-->[androidx.privacysandbox.ads:ads-adservices:1.0.0-beta05] AndroidManifest.xml:23:9-25:40
267            android:name="android.ext.adservices"
267-->[androidx.privacysandbox.ads:ads-adservices:1.0.0-beta05] AndroidManifest.xml:24:13-50
268            android:required="false" />
268-->[androidx.privacysandbox.ads:ads-adservices:1.0.0-beta05] AndroidManifest.xml:25:13-37
269
270        <meta-data
270-->[com.google.android.gms:play-services-basement:18.2.0] AndroidManifest.xml:21:9-23:69
271            android:name="com.google.android.gms.version"
271-->[com.google.android.gms:play-services-basement:18.2.0] AndroidManifest.xml:22:13-58
272            android:value="@integer/google_play_services_version" />
272-->[com.google.android.gms:play-services-basement:18.2.0] AndroidManifest.xml:23:13-66
273
274        <provider
274-->[androidx.work:work-runtime:2.7.0] AndroidManifest.xml:31:9-39:20
275            android:name="androidx.startup.InitializationProvider"
275-->[androidx.work:work-runtime:2.7.0] AndroidManifest.xml:32:13-67
276            android:authorities="com.fluttertemplate.dev.androidx-startup"
276-->[androidx.work:work-runtime:2.7.0] AndroidManifest.xml:33:13-68
277            android:exported="false" >
277-->[androidx.work:work-runtime:2.7.0] AndroidManifest.xml:34:13-37
278            <meta-data
278-->[androidx.work:work-runtime:2.7.0] AndroidManifest.xml:36:13-38:52
279                android:name="androidx.work.WorkManagerInitializer"
279-->[androidx.work:work-runtime:2.7.0] AndroidManifest.xml:37:17-68
280                android:value="androidx.startup" />
280-->[androidx.work:work-runtime:2.7.0] AndroidManifest.xml:38:17-49
281            <meta-data
281-->[androidx.lifecycle:lifecycle-process:2.6.2] AndroidManifest.xml:29:13-31:52
282                android:name="androidx.lifecycle.ProcessLifecycleInitializer"
282-->[androidx.lifecycle:lifecycle-process:2.6.2] AndroidManifest.xml:30:17-78
283                android:value="androidx.startup" />
283-->[androidx.lifecycle:lifecycle-process:2.6.2] AndroidManifest.xml:31:17-49
284            <meta-data
284-->[androidx.profileinstaller:profileinstaller:1.3.0] AndroidManifest.xml:29:13-31:52
285                android:name="androidx.profileinstaller.ProfileInstallerInitializer"
285-->[androidx.profileinstaller:profileinstaller:1.3.0] AndroidManifest.xml:30:17-85
286                android:value="androidx.startup" />
286-->[androidx.profileinstaller:profileinstaller:1.3.0] AndroidManifest.xml:31:17-49
287        </provider>
288
289        <service
289-->[androidx.work:work-runtime:2.7.0] AndroidManifest.xml:41:9-46:35
290            android:name="androidx.work.impl.background.systemalarm.SystemAlarmService"
290-->[androidx.work:work-runtime:2.7.0] AndroidManifest.xml:42:13-88
291            android:directBootAware="false"
291-->[androidx.work:work-runtime:2.7.0] AndroidManifest.xml:43:13-44
292            android:enabled="@bool/enable_system_alarm_service_default"
292-->[androidx.work:work-runtime:2.7.0] AndroidManifest.xml:44:13-72
293            android:exported="false" />
293-->[androidx.work:work-runtime:2.7.0] AndroidManifest.xml:45:13-37
294        <service
294-->[androidx.work:work-runtime:2.7.0] AndroidManifest.xml:47:9-53:35
295            android:name="androidx.work.impl.background.systemjob.SystemJobService"
295-->[androidx.work:work-runtime:2.7.0] AndroidManifest.xml:48:13-84
296            android:directBootAware="false"
296-->[androidx.work:work-runtime:2.7.0] AndroidManifest.xml:49:13-44
297            android:enabled="@bool/enable_system_job_service_default"
297-->[androidx.work:work-runtime:2.7.0] AndroidManifest.xml:50:13-70
298            android:exported="true"
298-->[androidx.work:work-runtime:2.7.0] AndroidManifest.xml:51:13-36
299            android:permission="android.permission.BIND_JOB_SERVICE" />
299-->[androidx.work:work-runtime:2.7.0] AndroidManifest.xml:52:13-69
300        <service
300-->[androidx.work:work-runtime:2.7.0] AndroidManifest.xml:54:9-59:35